This is pdfTeX, Version 3.1415926-2.3-1.40.12 (MiKTeX 2.9) (preloaded format=pdflatex 2012.11.27)  12 FEB 2013 20:35
entering extended mode
**C:/Code/E2E/tex/E2E.tex
(C:/Code/E2E/tex/E2E.tex
LaTeX2e <2011/06/27>
Babel <v3.8m> and hyphenation patterns for english, afrikaans, ancientgreek, ar
abic, armenian, assamese, basque, bengali, bokmal, bulgarian, catalan, coptic, 
croatian, czech, danish, dutch, esperanto, estonian, farsi, finnish, french, ga
lician, german, german-x-2009-06-19, greek, gujarati, hindi, hungarian, iceland
ic, indonesian, interlingua, irish, italian, kannada, kurmanji, lao, latin, lat
vian, lithuanian, malayalam, marathi, mongolian, mongolianlmc, monogreek, ngerm
an, ngerman-x-2009-06-19, nynorsk, oriya, panjabi, pinyin, polish, portuguese, 
romanian, russian, sanskrit, serbian, slovak, slovenian, spanish, swedish, swis
sgerman, tamil, telugu, turkish, turkmen, ukenglish, ukrainian, uppersorbian, u
senglishmax, welsh, loaded.

("C:\Dokumente und Einstellungen\flo\Anwendungsdaten\MiKTeX\2.9\tex\latex\koma-
script\scrreprt.cls"
Document Class: scrreprt 2012/07/29 v3.11b KOMA-Script document class (report)

("C:\Dokumente und Einstellungen\flo\Anwendungsdaten\MiKTeX\2.9\tex\latex\koma-
script\scrkbase.sty"
Package: scrkbase 2012/07/29 v3.11b KOMA-Script package (KOMA-Script-dependent 
basics and keyval usage)

("C:\Dokumente und Einstellungen\flo\Anwendungsdaten\MiKTeX\2.9\tex\latex\koma-
script\scrbase.sty"
Package: scrbase 2012/07/29 v3.11b KOMA-Script package (KOMA-Script-independent
 basics and keyval usage)
 ("C:\Programme\MiKTeX 2.9\tex\latex\graphics\keyval.sty"
Package: keyval 1999/03/16 v1.13 key=value parser (DPC)
\KV@toks@=\toks14
)
("C:\Dokumente und Einstellungen\flo\Anwendungsdaten\MiKTeX\2.9\tex\latex\koma-
script\scrlfile.sty"
Package: scrlfile 2012/06/15 v3.12 KOMA-Script package (loading files)

Package scrlfile, 2012/06/15 v3.12 KOMA-Script package (loading files)
                  Copyright (C) Markus Kohm

)))
("C:\Dokumente und Einstellungen\flo\Anwendungsdaten\MiKTeX\2.9\tex\latex\koma-
script\tocbasic.sty"
Package: tocbasic 2012/04/04 v3.10b KOMA-Script package (handling toc-files)
)
Package tocbasic Info: omitting babel extension for `toc'
(tocbasic)             because of feature `nobabel' available
(tocbasic)             for `toc' on input line 117.
Package tocbasic Info: omitting babel extension for `lof'
(tocbasic)             because of feature `nobabel' available
(tocbasic)             for `lof' on input line 118.
Package tocbasic Info: omitting babel extension for `lot'
(tocbasic)             because of feature `nobabel' available
(tocbasic)             for `lot' on input line 119.
Package scrreprt Info: You've used obsolete option `11pt'.
(scrreprt)             \KOMAExecuteOptions{fontsize=11pt} will be
(scrreprt)             used instead.
(scrreprt)             You may simply replace `11pt'
(scrreprt)             by `fontsize=11pt'.
Class scrreprt Info: File `scrsize11pt.clo' used to setup font sizes on input l
ine 1367.

("C:\Dokumente und Einstellungen\flo\Anwendungsdaten\MiKTeX\2.9\tex\latex\koma-
script\scrsize11pt.clo"
File: scrsize11pt.clo 2012/07/29 v3.11b KOMA-Script font size class option (11p
t)
)
("C:\Dokumente und Einstellungen\flo\Anwendungsdaten\MiKTeX\2.9\tex\latex\koma-
script\typearea.sty"
Package: typearea 2012/07/29 v3.11b KOMA-Script package (type area)

Package typearea, 2012/07/29 v3.11b KOMA-Script package (type area)
                  Copyright (C) Frank Neukam, 1992-1994
                  Copyright (C) Markus Kohm, 1994-

\ta@bcor=\skip41
\ta@div=\count79
\ta@hblk=\skip42
\ta@vblk=\skip43
\ta@temp=\skip44
Package typearea Info: These are the values describing the layout:
(typearea)             DIV  = 10
(typearea)             BCOR = 0.0pt
(typearea)             \paperwidth      = 597.50793pt
(typearea)              \textwidth      = 418.25555pt
(typearea)              DIV departure   = -6%
(typearea)              \evensidemargin = 17.3562pt
(typearea)              \oddsidemargin  = 17.3562pt
(typearea)             \paperheight     = 845.04694pt
(typearea)              \textheight     = 595.80026pt
(typearea)              \topmargin      = -25.16531pt
(typearea)              \headheight     = 17.0pt
(typearea)              \headsep        = 20.40001pt
(typearea)              \topskip        = 11.0pt
(typearea)              \footskip       = 47.60002pt
(typearea)              \baselineskip   = 13.6pt
(typearea)              on input line 1213.
)
\c@part=\count80
\c@chapter=\count81
\c@section=\count82
\c@subsection=\count83
\c@subsubsection=\count84
\c@paragraph=\count85
\c@subparagraph=\count86
\abovecaptionskip=\skip45
\belowcaptionskip=\skip46
\c@pti@nb@sid@b@x=\box26
\c@figure=\count87
\c@table=\count88
\bibindent=\dimen102
) ("C:\Programme\MiKTeX 2.9\tex\latex\base\inputenc.sty"
Package: inputenc 2008/03/30 v1.1d Input encoding file
\inpenc@prehook=\toks15
\inpenc@posthook=\toks16

("C:\Programme\MiKTeX 2.9\tex\latex\base\utf8.def"
File: utf8.def 2008/04/05 v1.1m UTF-8 support for inputenc
Now handling font encoding OML ...
... no UTF-8 mapping file for font encoding OML
Now handling font encoding T1 ...
... processing UTF-8 mapping file for font encoding T1

("C:\Programme\MiKTeX 2.9\tex\latex\base\t1enc.dfu"
File: t1enc.dfu 2008/04/05 v1.1m UTF-8 support for inputenc
   defining Unicode char U+00A1 (decimal 161)
   defining Unicode char U+00A3 (decimal 163)
   defining Unicode char U+00AB (decimal 171)
   defining Unicode char U+00BB (decimal 187)
   defining Unicode char U+00BF (decimal 191)
   defining Unicode char U+00C0 (decimal 192)
   defining Unicode char U+00C1 (decimal 193)
   defining Unicode char U+00C2 (decimal 194)
   defining Unicode char U+00C3 (decimal 195)
   defining Unicode char U+00C4 (decimal 196)
   defining Unicode char U+00C5 (decimal 197)
   defining Unicode char U+00C6 (decimal 198)
   defining Unicode char U+00C7 (decimal 199)
   defining Unicode char U+00C8 (decimal 200)
   defining Unicode char U+00C9 (decimal 201)
   defining Unicode char U+00CA (decimal 202)
   defining Unicode char U+00CB (decimal 203)
   defining Unicode char U+00CC (decimal 204)
   defining Unicode char U+00CD (decimal 205)
   defining Unicode char U+00CE (decimal 206)
   defining Unicode char U+00CF (decimal 207)
   defining Unicode char U+00D0 (decimal 208)
   defining Unicode char U+00D1 (decimal 209)
   defining Unicode char U+00D2 (decimal 210)
   defining Unicode char U+00D3 (decimal 211)
   defining Unicode char U+00D4 (decimal 212)
   defining Unicode char U+00D5 (decimal 213)
   defining Unicode char U+00D6 (decimal 214)
   defining Unicode char U+00D8 (decimal 216)
   defining Unicode char U+00D9 (decimal 217)
   defining Unicode char U+00DA (decimal 218)
   defining Unicode char U+00DB (decimal 219)
   defining Unicode char U+00DC (decimal 220)
   defining Unicode char U+00DD (decimal 221)
   defining Unicode char U+00DE (decimal 222)
   defining Unicode char U+00DF (decimal 223)
   defining Unicode char U+00E0 (decimal 224)
   defining Unicode char U+00E1 (decimal 225)
   defining Unicode char U+00E2 (decimal 226)
   defining Unicode char U+00E3 (decimal 227)
   defining Unicode char U+00E4 (decimal 228)
   defining Unicode char U+00E5 (decimal 229)
   defining Unicode char U+00E6 (decimal 230)
   defining Unicode char U+00E7 (decimal 231)
   defining Unicode char U+00E8 (decimal 232)
   defining Unicode char U+00E9 (decimal 233)
   defining Unicode char U+00EA (decimal 234)
   defining Unicode char U+00EB (decimal 235)
   defining Unicode char U+00EC (decimal 236)
   defining Unicode char U+00ED (decimal 237)
   defining Unicode char U+00EE (decimal 238)
   defining Unicode char U+00EF (decimal 239)
   defining Unicode char U+00F0 (decimal 240)
   defining Unicode char U+00F1 (decimal 241)
   defining Unicode char U+00F2 (decimal 242)
   defining Unicode char U+00F3 (decimal 243)
   defining Unicode char U+00F4 (decimal 244)
   defining Unicode char U+00F5 (decimal 245)
   defining Unicode char U+00F6 (decimal 246)
   defining Unicode char U+00F8 (decimal 248)
   defining Unicode char U+00F9 (decimal 249)
   defining Unicode char U+00FA (decimal 250)
   defining Unicode char U+00FB (decimal 251)
   defining Unicode char U+00FC (decimal 252)
   defining Unicode char U+00FD (decimal 253)
   defining Unicode char U+00FE (decimal 254)
   defining Unicode char U+00FF (decimal 255)
   defining Unicode char U+0102 (decimal 258)
   defining Unicode char U+0103 (decimal 259)
   defining Unicode char U+0104 (decimal 260)
   defining Unicode char U+0105 (decimal 261)
   defining Unicode char U+0106 (decimal 262)
   defining Unicode char U+0107 (decimal 263)
   defining Unicode char U+010C (decimal 268)
   defining Unicode char U+010D (decimal 269)
   defining Unicode char U+010E (decimal 270)
   defining Unicode char U+010F (decimal 271)
   defining Unicode char U+0110 (decimal 272)
   defining Unicode char U+0111 (decimal 273)
   defining Unicode char U+0118 (decimal 280)
   defining Unicode char U+0119 (decimal 281)
   defining Unicode char U+011A (decimal 282)
   defining Unicode char U+011B (decimal 283)
   defining Unicode char U+011E (decimal 286)
   defining Unicode char U+011F (decimal 287)
   defining Unicode char U+0130 (decimal 304)
   defining Unicode char U+0131 (decimal 305)
   defining Unicode char U+0132 (decimal 306)
   defining Unicode char U+0133 (decimal 307)
   defining Unicode char U+0139 (decimal 313)
   defining Unicode char U+013A (decimal 314)
   defining Unicode char U+013D (decimal 317)
   defining Unicode char U+013E (decimal 318)
   defining Unicode char U+0141 (decimal 321)
   defining Unicode char U+0142 (decimal 322)
   defining Unicode char U+0143 (decimal 323)
   defining Unicode char U+0144 (decimal 324)
   defining Unicode char U+0147 (decimal 327)
   defining Unicode char U+0148 (decimal 328)
   defining Unicode char U+014A (decimal 330)
   defining Unicode char U+014B (decimal 331)
   defining Unicode char U+0150 (decimal 336)
   defining Unicode char U+0151 (decimal 337)
   defining Unicode char U+0152 (decimal 338)
   defining Unicode char U+0153 (decimal 339)
   defining Unicode char U+0154 (decimal 340)
   defining Unicode char U+0155 (decimal 341)
   defining Unicode char U+0158 (decimal 344)
   defining Unicode char U+0159 (decimal 345)
   defining Unicode char U+015A (decimal 346)
   defining Unicode char U+015B (decimal 347)
   defining Unicode char U+015E (decimal 350)
   defining Unicode char U+015F (decimal 351)
   defining Unicode char U+0160 (decimal 352)
   defining Unicode char U+0161 (decimal 353)
   defining Unicode char U+0162 (decimal 354)
   defining Unicode char U+0163 (decimal 355)
   defining Unicode char U+0164 (decimal 356)
   defining Unicode char U+0165 (decimal 357)
   defining Unicode char U+016E (decimal 366)
   defining Unicode char U+016F (decimal 367)
   defining Unicode char U+0170 (decimal 368)
   defining Unicode char U+0171 (decimal 369)
   defining Unicode char U+0178 (decimal 376)
   defining Unicode char U+0179 (decimal 377)
   defining Unicode char U+017A (decimal 378)
   defining Unicode char U+017B (decimal 379)
   defining Unicode char U+017C (decimal 380)
   defining Unicode char U+017D (decimal 381)
   defining Unicode char U+017E (decimal 382)
   defining Unicode char U+200C (decimal 8204)
   defining Unicode char U+2013 (decimal 8211)
   defining Unicode char U+2014 (decimal 8212)
   defining Unicode char U+2018 (decimal 8216)
   defining Unicode char U+2019 (decimal 8217)
   defining Unicode char U+201A (decimal 8218)
   defining Unicode char U+201C (decimal 8220)
   defining Unicode char U+201D (decimal 8221)
   defining Unicode char U+201E (decimal 8222)
   defining Unicode char U+2030 (decimal 8240)
   defining Unicode char U+2031 (decimal 8241)
   defining Unicode char U+2039 (decimal 8249)
   defining Unicode char U+203A (decimal 8250)
   defining Unicode char U+2423 (decimal 9251)
)
Now handling font encoding OT1 ...
... processing UTF-8 mapping file for font encoding OT1

("C:\Programme\MiKTeX 2.9\tex\latex\base\ot1enc.dfu"
File: ot1enc.dfu 2008/04/05 v1.1m UTF-8 support for inputenc
   defining Unicode char U+00A1 (decimal 161)
   defining Unicode char U+00A3 (decimal 163)
   defining Unicode char U+00B8 (decimal 184)
   defining Unicode char U+00BF (decimal 191)
   defining Unicode char U+00C5 (decimal 197)
   defining Unicode char U+00C6 (decimal 198)
   defining Unicode char U+00D8 (decimal 216)
   defining Unicode char U+00DF (decimal 223)
   defining Unicode char U+00E6 (decimal 230)
   defining Unicode char U+00EC (decimal 236)
   defining Unicode char U+00ED (decimal 237)
   defining Unicode char U+00EE (decimal 238)
   defining Unicode char U+00EF (decimal 239)
   defining Unicode char U+00F8 (decimal 248)
   defining Unicode char U+0131 (decimal 305)
   defining Unicode char U+0141 (decimal 321)
   defining Unicode char U+0142 (decimal 322)
   defining Unicode char U+0152 (decimal 338)
   defining Unicode char U+0153 (decimal 339)
   defining Unicode char U+2013 (decimal 8211)
   defining Unicode char U+2014 (decimal 8212)
   defining Unicode char U+2018 (decimal 8216)
   defining Unicode char U+2019 (decimal 8217)
   defining Unicode char U+201C (decimal 8220)
   defining Unicode char U+201D (decimal 8221)
)
Now handling font encoding OMS ...
... processing UTF-8 mapping file for font encoding OMS

("C:\Programme\MiKTeX 2.9\tex\latex\base\omsenc.dfu"
File: omsenc.dfu 2008/04/05 v1.1m UTF-8 support for inputenc
   defining Unicode char U+00A7 (decimal 167)
   defining Unicode char U+00B6 (decimal 182)
   defining Unicode char U+00B7 (decimal 183)
   defining Unicode char U+2020 (decimal 8224)
   defining Unicode char U+2021 (decimal 8225)
   defining Unicode char U+2022 (decimal 8226)
)
Now handling font encoding OMX ...
... no UTF-8 mapping file for font encoding OMX
Now handling font encoding U ...
... no UTF-8 mapping file for font encoding U
   defining Unicode char U+00A9 (decimal 169)
   defining Unicode char U+00AA (decimal 170)
   defining Unicode char U+00AE (decimal 174)
   defining Unicode char U+00BA (decimal 186)
   defining Unicode char U+02C6 (decimal 710)
   defining Unicode char U+02DC (decimal 732)
   defining Unicode char U+200C (decimal 8204)
   defining Unicode char U+2026 (decimal 8230)
   defining Unicode char U+2122 (decimal 8482)
   defining Unicode char U+2423 (decimal 9251)
))
("C:\Dokumente und Einstellungen\flo\Anwendungsdaten\MiKTeX\2.9\tex\latex\germa
n\german.sty" v2.5e 1998-07-08
Package: german 1998/07/08 v2.5e Support for writing german texts (br)
\grmnU@D=\dimen103
german -- \language number for Austrian undefined, default 22 used.
)
("C:\Programme\MiKTeX 2.9\tex\latex\geometry\geometry.sty"
Package: geometry 2010/09/12 v5.6 Page Geometry

("C:\Programme\MiKTeX 2.9\tex\generic\oberdiek\ifpdf.sty"
Package: ifpdf 2011/01/30 v2.3 Provides the ifpdf switch (HO)
Package ifpdf Info: pdfTeX in PDF mode is detected.
)
("C:\Programme\MiKTeX 2.9\tex\generic\oberdiek\ifvtex.sty"
Package: ifvtex 2010/03/01 v1.5 Detect VTeX and its facilities (HO)
Package ifvtex Info: VTeX not detected.
)
("C:\Programme\MiKTeX 2.9\tex\generic\ifxetex\ifxetex.sty"
Package: ifxetex 2010/09/12 v0.6 Provides ifxetex conditional
)
\Gm@cnth=\count89
\Gm@cntv=\count90
\c@Gm@tempcnt=\count91
\Gm@bindingoffset=\dimen104
\Gm@wd@mp=\dimen105
\Gm@odd@mp=\dimen106
\Gm@even@mp=\dimen107
\Gm@layoutwidth=\dimen108
\Gm@layoutheight=\dimen109
\Gm@layouthoffset=\dimen110
\Gm@layoutvoffset=\dimen111
\Gm@dimlist=\toks17

("C:\Programme\MiKTeX 2.9\tex\latex\geometry\geometry.cfg"))
("C:\Programme\MiKTeX 2.9\tex\latex\graphics\graphicx.sty"
Package: graphicx 1999/02/16 v1.0f Enhanced LaTeX Graphics (DPC,SPQR)

("C:\Programme\MiKTeX 2.9\tex\latex\graphics\graphics.sty"
Package: graphics 2009/02/05 v1.0o Standard LaTeX Graphics (DPC,SPQR)

("C:\Programme\MiKTeX 2.9\tex\latex\graphics\trig.sty"
Package: trig 1999/03/16 v1.09 sin cos tan (DPC)
)
("C:\Programme\MiKTeX 2.9\tex\latex\00miktex\graphics.cfg"
File: graphics.cfg 2007/01/18 v1.5 graphics configuration of teTeX/TeXLive
)
Package graphics Info: Driver file: pdftex.def on input line 91.

("C:\Programme\MiKTeX 2.9\tex\latex\pdftex-def\pdftex.def"
File: pdftex.def 2011/05/27 v0.06d Graphics/color for pdfTeX

("C:\Programme\MiKTeX 2.9\tex\generic\oberdiek\infwarerr.sty"
Package: infwarerr 2010/04/08 v1.3 Providing info/warning/error messages (HO)
)
("C:\Programme\MiKTeX 2.9\tex\generic\oberdiek\ltxcmds.sty"
Package: ltxcmds 2011/11/09 v1.22 LaTeX kernel commands for general use (HO)
)
\Gread@gobject=\count92
))
\Gin@req@height=\dimen112
\Gin@req@width=\dimen113
)
("C:\Programme\MiKTeX 2.9\tex\latex\ltxmisc\url.sty"
\Urlmuskip=\muskip10
Package: url 2006/04/12  ver 3.3  Verb mode for urls, etc.
)
("C:\Dokumente und Einstellungen\flo\Anwendungsdaten\MiKTeX\2.9\tex\latex\bookt
abs\booktabs.sty"
Package: booktabs 2005/04/14 v1.61803 publication quality tables
\heavyrulewidth=\dimen114
\lightrulewidth=\dimen115
\cmidrulewidth=\dimen116
\belowrulesep=\dimen117
\belowbottomsep=\dimen118
\aboverulesep=\dimen119
\abovetopsep=\dimen120
\cmidrulesep=\dimen121
\cmidrulekern=\dimen122
\defaultaddspace=\dimen123
\@cmidla=\count93
\@cmidlb=\count94
\@aboverulesep=\dimen124
\@belowrulesep=\dimen125
\@thisruleclass=\count95
\@lastruleclass=\count96
\@thisrulewidth=\dimen126
) ("C:\Programme\MiKTeX 2.9\tex\latex\tools\array.sty"
Package: array 2008/09/09 v2.4c Tabular extension package (FMi)
\col@sep=\dimen127
\extrarowheight=\dimen128
\NC@list=\toks18
\extratabsurround=\skip47
\backup@length=\skip48
)
("C:\Dokumente und Einstellungen\flo\Anwendungsdaten\MiKTeX\2.9\tex\latex\paral
ist\paralist.sty"
Package: paralist 2002/03/18 v2.3b Extended list environments (BS)
\pltopsep=\skip49
\plpartopsep=\skip50
\plitemsep=\skip51
\plparsep=\skip52
\pl@lab=\toks19
) ("C:\Programme\MiKTeX 2.9\tex\latex\tools\verbatim.sty"
Package: verbatim 2003/08/22 v1.5q LaTeX2e package for verbatim enhancements
\every@verbatim=\toks20
\verbatim@line=\toks21
\verbatim@in@stream=\read1
)
("C:\Dokumente und Einstellungen\flo\Anwendungsdaten\MiKTeX\2.9\tex\latex\subfi
g\subfig.sty"
Package: subfig 2005/06/28 ver: 1.3 subfig package

("C:\Dokumente und Einstellungen\flo\Anwendungsdaten\MiKTeX\2.9\tex\latex\capti
on\caption.sty"
Package: caption 2012/02/19 v3.2f Customizing captions (AR)

("C:\Dokumente und Einstellungen\flo\Anwendungsdaten\MiKTeX\2.9\tex\latex\capti
on\caption3.sty"
Package: caption3 2012/01/12 v1.4b caption3 kernel (AR)
\captionmargin=\dimen129
\captionmargin@=\dimen130
\captionwidth=\dimen131
\caption@indent=\dimen132
\caption@parindent=\dimen133
\caption@hangindent=\dimen134
)
Package caption Info: KOMA-Script document class.
\c@ContinuedFloat=\count97
)
\c@KVtest=\count98
\sf@farskip=\skip53
\sf@captopadj=\dimen135
\sf@capskip=\skip54
\sf@nearskip=\skip55
\c@subfigure=\count99
\c@subfigure@save=\count100
\c@lofdepth=\count101
\c@subtable=\count102
\c@subtable@save=\count103
\c@lotdepth=\count104
\sf@top=\skip56
\sf@bottom=\skip57
)
("C:\Dokumente und Einstellungen\flo\Anwendungsdaten\MiKTeX\2.9\tex\latex\fancy
hdr\fancyhdr.sty"
\fancy@headwidth=\skip58
\f@ncyO@elh=\skip59
\f@ncyO@erh=\skip60
\f@ncyO@olh=\skip61
\f@ncyO@orh=\skip62
\f@ncyO@elf=\skip63
\f@ncyO@erf=\skip64
\f@ncyO@olf=\skip65
\f@ncyO@orf=\skip66
)
("C:\Dokumente und Einstellungen\flo\Anwendungsdaten\MiKTeX\2.9\tex\latex\sects
ty\sectsty.sty"
Package: sectsty 2002/02/25 v2.0.2 Commands to change all sectional heading sty
les
)
("C:\Dokumente und Einstellungen\flo\Anwendungsdaten\MiKTeX\2.9\tex\latex\tocbi
bind\tocbibind.sty"
Package: tocbibind 2010/10/13 v1.5k extra ToC listings
Package tocbibind Info: The document has chapter divisions on input line 50.


Package tocbibind Note: Using chapter style headings, unless overridden.

)
("C:\Dokumente und Einstellungen\flo\Anwendungsdaten\MiKTeX\2.9\tex\latex\toclo
ft\tocloft.sty"
Package: tocloft 2010/10/13 v2.3e parameterised ToC, etc., typesetting
Package tocloft Info: The document has chapter divisions on input line 43.
\cftparskip=\skip67
\cftbeforetoctitleskip=\skip68
\cftaftertoctitleskip=\skip69
\cftbeforepartskip=\skip70
\cftpartnumwidth=\skip71
\cftpartindent=\skip72
\cftbeforechapskip=\skip73
\cftchapindent=\skip74
\cftchapnumwidth=\skip75
\cftbeforesecskip=\skip76
\cftsecindent=\skip77
\cftsecnumwidth=\skip78
\cftbeforesubsecskip=\skip79
\cftsubsecindent=\skip80
\cftsubsecnumwidth=\skip81
\cftbeforesubsubsecskip=\skip82
\cftsubsubsecindent=\skip83
\cftsubsubsecnumwidth=\skip84
\cftbeforeparaskip=\skip85
\cftparaindent=\skip86
\cftparanumwidth=\skip87
\cftbeforesubparaskip=\skip88
\cftsubparaindent=\skip89
\cftsubparanumwidth=\skip90
\cftbeforeloftitleskip=\skip91
\cftafterloftitleskip=\skip92
\cftbeforefigskip=\skip93
\cftfigindent=\skip94
\cftfignumwidth=\skip95
\cftbeforelottitleskip=\skip96
\cftafterlottitleskip=\skip97
\cftbeforetabskip=\skip98
\cfttabindent=\skip99
\cfttabnumwidth=\skip100
\cftbeforesubfigskip=\skip101
\cftsubfigindent=\skip102
\cftsubfignumwidth=\skip103
\cftbeforesubtabskip=\skip104
\cftsubtabindent=\skip105
\cftsubtabnumwidth=\skip106
) ("C:\Programme\MiKTeX 2.9\tex\latex\ams\classes\amsthm.sty"
Package: amsthm 2004/08/06 v2.20
\thm@style=\toks22
\thm@bodyfont=\toks23
\thm@headfont=\toks24
\thm@notefont=\toks25
\thm@headpunct=\toks26
\thm@preskip=\skip107
\thm@postskip=\skip108
\thm@headsep=\skip109
\dth@everypar=\toks27
)
\c@definition=\count105

(C:\Code\E2E\tex\E2E.aux)
LaTeX Font Info:    Checking defaults for OML/cmm/m/it on input line 69.
LaTeX Font Info:    ... okay on input line 69.
LaTeX Font Info:    Checking defaults for T1/cmr/m/n on input line 69.
LaTeX Font Info:    ... okay on input line 69.
LaTeX Font Info:    Checking defaults for OT1/cmr/m/n on input line 69.
LaTeX Font Info:    ... okay on input line 69.
LaTeX Font Info:    Checking defaults for OMS/cmsy/m/n on input line 69.
LaTeX Font Info:    ... okay on input line 69.
LaTeX Font Info:    Checking defaults for OMX/cmex/m/n on input line 69.
LaTeX Font Info:    ... okay on input line 69.
LaTeX Font Info:    Checking defaults for U/cmr/m/n on input line 69.
LaTeX Font Info:    ... okay on input line 69.

*geometry* driver: auto-detecting
*geometry* detected driver: pdftex
*geometry* verbose mode - [ preamble ] result:
* driver: pdftex
* paper: a4paper
* layout: <same size as paper>
* layoutoffset:(h,v)=(0.0pt,0.0pt)
* modes: 
* h-part:(L,W,R)=(89.62709pt, 418.25368pt, 89.6271pt)
* v-part:(T,H,B)=(101.40665pt, 591.5302pt, 152.11pt)
* \paperwidth=597.50787pt
* \paperheight=845.04684pt
* \textwidth=418.25368pt
* \textheight=591.5302pt
* \oddsidemargin=17.3571pt
* \evensidemargin=17.3571pt
* \topmargin=-8.26335pt
* \headheight=17.0pt
* \headsep=20.40001pt
* \topskip=11.0pt
* \footskip=47.60002pt
* \marginparwidth=59.7508pt
* \marginparsep=12.8401pt
* \columnsep=10.0pt
* \skip\footins=10.0pt plus 4.0pt minus 2.0pt
* \hoffset=0.0pt
* \voffset=0.0pt
* \mag=1000
* \@twocolumnfalse
* \@twosidefalse
* \@mparswitchfalse
* \@reversemarginfalse
* (1in=72.27pt=25.4mm, 1cm=28.453pt)


("C:\Dokumente und Einstellungen\flo\Anwendungsdaten\MiKTeX\2.9\tex\context\bas
e\supp-pdf.mkii"
[Loading MPS to PDF converter (version 2006.09.02).]
\scratchcounter=\count106
\scratchdimen=\dimen136
\scratchbox=\box27
\nofMPsegments=\count107
\nofMParguments=\count108
\everyMPshowfont=\toks28
\MPscratchCnt=\count109
\MPscratchDim=\dimen137
\MPnumerator=\count110
\makeMPintoPDFobject=\count111
\everyMPtoPDFconversion=\toks29
)
Package caption Info: Begin \AtBeginDocument code.
Package caption Info: subfig package v1.3 is loaded.
Package caption Info: End \AtBeginDocument code.
LaTeX Font Info:    External font `cmex10' loaded for size
(Font)              <14.4> on input line 71.
LaTeX Font Info:    External font `cmex10' loaded for size
(Font)              <7> on input line 71.
 [1



{C:/Dokumente und Einstellungen/flo/Lokale Einstellungen/Anwendungsdaten/MiKTeX
/2.9/pdftex/config/pdftex.map}] (C:\Code\E2E\tex\E2E.toc
LaTeX Font Info:    External font `cmex10' loaded for size
(Font)              <10.95> on input line 1.
LaTeX Font Info:    External font `cmex10' loaded for size
(Font)              <8> on input line 1.
LaTeX Font Info:    External font `cmex10' loaded for size
(Font)              <6> on input line 1.
)
\tf@toc=\write3
 [2

]
Kapitel 1.
[3

]
Kapitel 2.
[4

]
Kapitel 3.
[5

]
Overfull \hbox (5.02005pt too wide) in paragraph at lines 140--142
[]\OT1/cmr/m/n/10.95 Es hat sich ge-
 []

LaTeX Font Info:    Try loading font information for OMS+cmr on input line 142.

("C:\Programme\MiKTeX 2.9\tex\latex\base\omscmr.fd"
File: omscmr.fd 1999/05/25 v2.5h Standard LaTeX font definitions
)
LaTeX Font Info:    Font shape `OMS/cmr/m/n' in size <10.95> not available
(Font)              Font shape `OMS/cmsy/m/n' tried instead on input line 142.

Overfull \hbox (3.31679pt too wide) in paragraph at lines 149--151
[]\OT1/cmr/m/n/10.95 Bez[]uglich
 []

[6]
Overfull \hbox (2.6628pt too wide) in paragraph at lines 158--159
[]\OT1/cmr/m/n/10.95 Die en-han-ced
 []


LaTeX Font Warning: Font shape `OT1/cmss/bx/it' undefined
(Font)              using `OT1/cmss/bx/n' instead on input line 161.


Overfull \hbox (1.95343pt too wide) in paragraph at lines 172--173
[]\OT1/cmr/m/n/10.95 Ein Ser-vice, wel-cher die Me-tri-ken der ver-schie-de-nen
 Mess-
 []

[7] <diagramme/wsla_basic.pdf, id=32, 546.04pt x 441.65pt>
File: diagramme/wsla_basic.pdf Graphic file (type pdf)

<use diagramme/wsla_basic.pdf>
Package pdftex.def Info: diagramme/wsla_basic.pdf used on input line 180.
(pdftex.def)             Requested size: 382.22539pt x 309.15288pt.

Overfull \hbox (1.82285pt too wide) in paragraph at lines 190--191
[]\OT1/cmr/m/n/10.95 Praktisch s[]amt-li-che Un-ter-neh-men ha-ben
 []

[8 <C:/Code/E2E/tex/diagramme/wsla_basic.pdf>] [9]
Kapitel 4.
[10

] (C:\Code\E2E\tex\E2E.lof)
\tf@lof=\write4
 (C:\Code\E2E\tex\E2E.bbl [11

]
Underfull \hbox (badness 2042) in paragraph at lines 60--67
[]\OT1/cmr/m/n/10.95 Wikipedia.  Busi-ness Ser-vice Ma-na-ge-ment --- Wi-ki-pe-
dia, Die freie En-zy-
 []


Underfull \hbox (badness 2237) in paragraph at lines 78--85
[]\OT1/cmr/m/n/10.95 Wikipedia.  Web Ser-vices De-s-crip-ti-on Lan-gua-ge --- W
i-ki-pe-dia, The Free
 []

[12

]) [13] (C:\Code\E2E\tex\E2E.aux)

LaTeX Font Warning: Some font shapes were not available, defaults substituted.

 ) 
Here is how much of TeX's memory you used:
 5367 strings out of 494045
 82120 string characters out of 3149938
 175609 words of memory out of 3000000
 8586 multiletter control sequences out of 15000+200000
 11112 words of font info for 39 fonts, out of 3000000 for 9000
 715 hyphenation exceptions out of 8191
 50i,10n,54p,608b,318s stack positions out of 5000i,500n,10000p,200000b,50000s
<C:/Programme/MiKTeX 2.9/fonts/type1/public/amsfonts/cm/cmbx10.pfb><C:/Progra
mme/MiKTeX 2.9/fonts/type1/public/amsfonts/cm/cmr10.pfb><C:/Programme/MiKTeX 2.
9/fonts/type1/public/amsfonts/cm/cmr12.pfb><C:/Programme/MiKTeX 2.9/fonts/type1
/public/amsfonts/cm/cmss12.pfb><C:/Programme/MiKTeX 2.9/fonts/type1/public/amsf
onts/cm/cmss17.pfb><C:/Programme/MiKTeX 2.9/fonts/type1/public/amsfonts/cm/cmss
bx10.pfb><C:/Programme/MiKTeX 2.9/fonts/type1/public/amsfonts/cm/cmsy10.pfb><C:
/Programme/MiKTeX 2.9/fonts/type1/public/amsfonts/cm/cmti10.pfb><C:/Programme/M
iKTeX 2.9/fonts/type1/public/amsfonts/cm/cmtt10.pfb>
Output written on E2E.pdf (13 pages, 170884 bytes).
PDF statistics:
 91 PDF objects out of 1000 (max. 8388607)
 0 named destinations out of 1000 (max. 500000)
 6 words of extra memory for PDF output out of 10000 (max. 10000000)

